android/build/intermediates/manifest_merge_blame_file/debug/manifest-merger-blame-debug-report.txt
1<?xml version="1.0" encoding="utf-8"?>
2<manifest xmlns:android="http://schemas.android.com/apk/res/android"
3    package="com.example.contactsdisplay"
4    android:installLocation="auto"
5    android:versionCode="1"
6    android:versionName="1.0" >
7
8    <uses-sdk
9        android:minSdkVersion="23"
9-->ContactsDisplay/android/AndroidManifest.xml
10        android:targetSdkVersion="30" />
10-->ContactsDisplay/android/AndroidManifest.xml
11
12    <uses-permission android:name="android.permission.INTERNET" />
12-->ContactsDisplay/android/AndroidManifest.xml:3:5-66
12-->ContactsDisplay/android/AndroidManifest.xml:3:22-64
13    <uses-permission android:name="android.permission.WRITE_EXTERNAL_STORAGE" />
13-->ContactsDisplay/android/AndroidManifest.xml:4:5-80
13-->ContactsDisplay/android/AndroidManifest.xml:4:22-78
14    <uses-permission android:name="android.permission.ACCESS_NETWORK_STATE" />
14-->ContactsDisplay/android/AndroidManifest.xml:5:5-78
14-->ContactsDisplay/android/AndroidManifest.xml:5:22-76
15    <uses-permission android:name="android.permission.WRITE_CONTACTS" />
15-->ContactsDisplay/android/AndroidManifest.xml:6:5-72
15-->ContactsDisplay/android/AndroidManifest.xml:6:22-70
16    <uses-permission android:name="android.permission.READ_CONTACTS" />
16-->ContactsDisplay/android/AndroidManifest.xml:7:5-71
16-->ContactsDisplay/android/AndroidManifest.xml:7:22-69
17
18    <supports-screens
18-->ContactsDisplay/android/AndroidManifest.xml:9:5-135
19        android:anyDensity="true"
19-->ContactsDisplay/android/AndroidManifest.xml:9:23-48
20        android:largeScreens="true"
20-->ContactsDisplay/android/AndroidManifest.xml:9:49-76
21        android:normalScreens="true"
21-->ContactsDisplay/android/AndroidManifest.xml:9:77-105
22        android:smallScreens="true" />
22-->ContactsDisplay/android/AndroidManifest.xml:9:106-133
23
24    <permission
24-->[androidx.core:core:1.9.0] AndroidManifest.xml:22:5-24:47
25        android:name="com.example.contactsdisplay.DYNAMIC_RECEIVER_NOT_EXPORTED_PERMISSION"
25-->[androidx.core:core:1.9.0] AndroidManifest.xml:23:9-81
26        android:protectionLevel="signature" />
26-->[androidx.core:core:1.9.0] AndroidManifest.xml:24:9-44
27
28    <uses-permission android:name="com.example.contactsdisplay.DYNAMIC_RECEIVER_NOT_EXPORTED_PERMISSION" />
28-->[androidx.core:core:1.9.0] AndroidManifest.xml:26:5-97
28-->[androidx.core:core:1.9.0] AndroidManifest.xml:26:22-94
29
30    <application
30-->ContactsDisplay/android/AndroidManifest.xml:10:5-20:19
31        android:allowBackup="true"
31-->ContactsDisplay/android/AndroidManifest.xml:10:178-204
32        android:allowNativeHeapPointerTagging="false"
32-->ContactsDisplay/android/AndroidManifest.xml:10:132-177
33        android:appComponentFactory="androidx.core.app.CoreComponentFactory"
33-->[androidx.core:core:1.9.0] AndroidManifest.xml:28:18-86
34        android:debuggable="true"
35        android:fullBackupOnly="false"
35-->ContactsDisplay/android/AndroidManifest.xml:10:205-235
36        android:hardwareAccelerated="true"
36-->ContactsDisplay/android/AndroidManifest.xml:10:18-52
37        android:label="appContactsDisplay"
37-->ContactsDisplay/android/AndroidManifest.xml:10:53-87
38        android:requestLegacyExternalStorage="true" >
38-->ContactsDisplay/android/AndroidManifest.xml:10:88-131
39        <activity
39-->ContactsDisplay/android/AndroidManifest.xml:11:9-19:20
40            android:name="com.example.contactsdisplay.MainActivity"
40-->ContactsDisplay/android/AndroidManifest.xml:11:19-47
41            android:configChanges="orientation|uiMode|screenLayout|screenSize|smallestScreenSize|layoutDirection|locale|fontScale|keyboard|keyboardHidden|navigation|mcc|mnc|density"
41-->ContactsDisplay/android/AndroidManifest.xml:11:48-217
42            android:exported="true"
42-->ContactsDisplay/android/AndroidManifest.xml:11:324-347
43            android:label="appContactsDisplay"
43-->ContactsDisplay/android/AndroidManifest.xml:11:218-252
44            android:launchMode="singleTop"
44-->ContactsDisplay/android/AndroidManifest.xml:11:253-283
45            android:screenOrientation="unspecified" >
45-->ContactsDisplay/android/AndroidManifest.xml:11:284-323
46            <intent-filter>
46-->ContactsDisplay/android/AndroidManifest.xml:12:13-15:29
47                <action android:name="android.intent.action.MAIN" />
47-->ContactsDisplay/android/AndroidManifest.xml:13:17-68
47-->ContactsDisplay/android/AndroidManifest.xml:13:25-66
48
49                <category android:name="android.intent.category.LAUNCHER" />
49-->ContactsDisplay/android/AndroidManifest.xml:14:17-76
49-->ContactsDisplay/android/AndroidManifest.xml:14:27-74
50            </intent-filter>
51
52            <meta-data
52-->ContactsDisplay/android/AndroidManifest.xml:16:13-96
53                android:name="android.app.lib_name"
53-->ContactsDisplay/android/AndroidManifest.xml:16:24-59
54                android:value="appContactsDisplay" />
54-->ContactsDisplay/android/AndroidManifest.xml:16:60-94
55            <meta-data
55-->ContactsDisplay/android/AndroidManifest.xml:17:13-79
56                android:name="android.app.arguments"
56-->ContactsDisplay/android/AndroidManifest.xml:17:24-60
57                android:value="" />
57-->ContactsDisplay/android/AndroidManifest.xml:17:61-77
58            <meta-data
58-->ContactsDisplay/android/AndroidManifest.xml:18:13-98
59                android:name="android.app.extract_android_style"
59-->ContactsDisplay/android/AndroidManifest.xml:18:24-72
60                android:value="minimal" />
60-->ContactsDisplay/android/AndroidManifest.xml:18:73-96
61        </activity>
62
63        <provider
63-->[androidx.emoji2:emoji2:1.2.0] AndroidManifest.xml:24:9-32:20
64            android:name="androidx.startup.InitializationProvider"
64-->[androidx.emoji2:emoji2:1.2.0] AndroidManifest.xml:25:13-67
65            android:authorities="com.example.contactsdisplay.androidx-startup"
65-->[androidx.emoji2:emoji2:1.2.0] AndroidManifest.xml:26:13-68
66            android:exported="false" >
66-->[androidx.emoji2:emoji2:1.2.0] AndroidManifest.xml:27:13-37
67            <meta-data
67-->[androidx.emoji2:emoji2:1.2.0] AndroidManifest.xml:29:13-31:52
68                android:name="androidx.emoji2.text.EmojiCompatInitializer"
68-->[androidx.emoji2:emoji2:1.2.0] AndroidManifest.xml:30:17-75
69                android:value="androidx.startup" />
69-->[androidx.emoji2:emoji2:1.2.0] AndroidManifest.xml:31:17-49
70            <meta-data
70-->[androidx.lifecycle:lifecycle-process:2.4.1] AndroidManifest.xml:31:13-33:52
71                android:name="androidx.lifecycle.ProcessLifecycleInitializer"
71-->[androidx.lifecycle:lifecycle-process:2.4.1] AndroidManifest.xml:32:17-78
72                android:value="androidx.startup" />
72-->[androidx.lifecycle:lifecycle-process:2.4.1] AndroidManifest.xml:33:17-49
73        </provider>
74    </application>
75
76</manifest>